<?xml version="1.0" encoding="UTF-8"?>
<testng-results ignored="0" total="2" passed="2" failed="0" skipped="0">
  <reporter-output>
  </reporter-output>
  <suite started-at="2023-11-07T14:43:17 IST" name="Default suite" finished-at="2023-11-07T14:43:17 IST" duration-ms="53">
    <groups>
    </groups>
    <test started-at="2023-11-07T14:43:17 IST" name="Default test" finished-at="2023-11-07T14:43:17 IST" duration-ms="53">
      <class name="org.saucedemo.test.TestNGclass">
        <test-method signature="testcase1()[pri:0, instance:org.saucedemo.test.TestNGclass@6c64cb25]" started-at="2023-11-07T14:43:17 IST" name="testcase1" finished-at="2023-11-07T14:43:17 IST" duration-ms="7" status="PASS">
          <reporter-output>
          </reporter-output>
        </test-method> <!-- testcase1 -->
        <test-method signature="testcase2()[pri:0, instance:org.saucedemo.test.TestNGclass@6c64cb25]" started-at="2023-11-07T14:43:17 IST" name="testcase2" finished-at="2023-11-07T14:43:17 IST" duration-ms="1" status="PASS">
          <reporter-output>
          </reporter-output>
        </test-method> <!-- testcase2 -->
      </class> <!-- org.saucedemo.test.TestNGclass -->
    </test> <!-- Default test -->
  </suite> <!-- Default suite -->
</testng-results>
